<?xml version="1.0" encoding="UTF-8"?>
<!-- Generated by org.testng.reporters.JUnitReportReporter -->
<testsuite hostname="admin1-H110M-H" failures="0" tests="1" name="com.bridgelabz.linkedin.testcases.HomePageTest" time="15.230" errors="0" timestamp="27 Jan 2020 07:35:17 GMT" skipped="0">
  <testcase classname="com.bridgelabz.linkedin.testcases.HomePageTest" name="verifyHomePageTitleTest" time="15.230"/>
</testsuite> <!-- com.bridgelabz.linkedin.testcases.HomePageTest -->
