<?xml version="1.0" encoding="UTF-8"?>
<!-- Generated by org.testng.reporters.JUnitReportReporter -->
<testsuite hostname="admin1-H110M-H" failures="0" tests="4" name="com.bridgelabz.linkedin.testcases.JoinNowPageTest" time="20.841" errors="0" timestamp="27 Jan 2020 09:15:45 GMT" skipped="0">
  <testcase classname="com.bridgelabz.linkedin.testcases.JoinNowPageTest" name="registrationPageTest" time="8.266"/>
  <testcase classname="com.bridgelabz.linkedin.testcases.JoinNowPageTest" name="verifyRegisterPageTitleTest" time="3.025"/>
  <testcase classname="com.bridgelabz.linkedin.testcases.JoinNowPageTest" name="validateChangeLanguageLinkTest" time="5.591"/>
  <testcase classname="com.bridgelabz.linkedin.testcases.JoinNowPageTest" name="validateSignInPageLinkTest" time="3.959"/>
</testsuite> <!-- com.bridgelabz.linkedin.testcases.JoinNowPageTest -->
