<?xml version="1.0" encoding="UTF-8"?>
<!-- Generated by org.testng.reporters.JUnitReportReporter -->
<testsuite hostname="admin1-H110M-H" failures="0" tests="6" name="com.bridgelabz.linkedin.testcases.HomePageTest" time="119.594" errors="0" timestamp="27 Jan 2020 09:15:45 GMT" skipped="0">
  <testcase classname="com.bridgelabz.linkedin.testcases.HomePageTest" name="verifyHomePageTitleTest" time="12.435"/>
  <testcase classname="com.bridgelabz.linkedin.testcases.HomePageTest" name="uploadImagePostTest" time="26.407"/>
  <testcase classname="com.bridgelabz.linkedin.testcases.HomePageTest" name="createTextPostTest" time="18.623"/>
  <testcase classname="com.bridgelabz.linkedin.testcases.HomePageTest" name="createTextPostTest" time="20.125"/>
  <testcase classname="com.bridgelabz.linkedin.testcases.HomePageTest" name="createTextPostTest" time="19.966"/>
  <testcase classname="com.bridgelabz.linkedin.testcases.HomePageTest" name="uploadImagePostTest" time="22.038"/>
</testsuite> <!-- com.bridgelabz.linkedin.testcases.HomePageTest -->
