<?xml version="1.0" encoding="UTF-8"?>
<!-- Generated by org.testng.reporters.JUnitReportReporter -->
<testsuite hostname="admin1-H110M-H" failures="0" tests="4" name="com.bridgelabz.linkedin.testcases.JoinNowPageTest" time="22.078" errors="0" timestamp="28 Jan 2020 05:49:16 GMT" skipped="0">
  <testcase classname="com.bridgelabz.linkedin.testcases.JoinNowPageTest" name="validateChangeLanguageLinkTest" time="4.916"/>
  <testcase classname="com.bridgelabz.linkedin.testcases.JoinNowPageTest" name="registrationPageTest" time="8.190"/>
  <testcase classname="com.bridgelabz.linkedin.testcases.JoinNowPageTest" name="validateSignInPageLinkTest" time="5.278"/>
  <testcase classname="com.bridgelabz.linkedin.testcases.JoinNowPageTest" name="verifyRegisterPageTitleTest" time="3.694"/>
</testsuite> <!-- com.bridgelabz.linkedin.testcases.JoinNowPageTest -->
