<?xml version="1.0" encoding="UTF-8"?>
<!-- Generated by org.testng.reporters.JUnitReportReporter -->
<testsuite hostname="admin1-H110M-H" failures="0" tests="1" name="com.bridgelabz.linkedin.testcases.SignInPageTest" time="37.042" errors="0" timestamp="27 Jan 2020 06:59:57 GMT" skipped="0">
  <testcase classname="com.bridgelabz.linkedin.testcases.SignInPageTest" name="SignInTest" time="37.042"/>
</testsuite> <!-- com.bridgelabz.linkedin.testcases.SignInPageTest -->
