<?xml version="1.0" encoding="UTF-8"?>
<!-- Generated by org.testng.reporters.JUnitReportReporter -->
<testsuite hostname="admin1-H110M-H" failures="0" tests="4" name="com.bridgelabz.linkedin.testcases.JoinNowPageTest" time="20.098" errors="0" timestamp="27 Jan 2020 11:42:26 GMT" skipped="0">
  <testcase classname="com.bridgelabz.linkedin.testcases.JoinNowPageTest" name="validateChangeLanguageLinkTest" time="5.134"/>
  <testcase classname="com.bridgelabz.linkedin.testcases.JoinNowPageTest" name="registrationPageTest" time="7.564"/>
  <testcase classname="com.bridgelabz.linkedin.testcases.JoinNowPageTest" name="validateSignInPageLinkTest" time="4.379"/>
  <testcase classname="com.bridgelabz.linkedin.testcases.JoinNowPageTest" name="verifyRegisterPageTitleTest" time="3.021"/>
</testsuite> <!-- com.bridgelabz.linkedin.testcases.JoinNowPageTest -->
