<?xml version="1.0" encoding="UTF-8"?>
<!-- Generated by org.testng.reporters.JUnitReportReporter -->
<testsuite hostname="admin1-H110M-H" failures="0" tests="4" name="com.bridgelabz.linkedin.testcases.JoinNowPageTest" time="25.547" errors="0" timestamp="28 Jan 2020 06:02:37 GMT" skipped="0">
  <testcase classname="com.bridgelabz.linkedin.testcases.JoinNowPageTest" name="validateChangeLanguageLinkTest" time="5.878"/>
  <testcase classname="com.bridgelabz.linkedin.testcases.JoinNowPageTest" name="registrationPageTest" time="9.412"/>
  <testcase classname="com.bridgelabz.linkedin.testcases.JoinNowPageTest" name="validateSignInPageLinkTest" time="6.619"/>
  <testcase classname="com.bridgelabz.linkedin.testcases.JoinNowPageTest" name="verifyRegisterPageTitleTest" time="3.638"/>
</testsuite> <!-- com.bridgelabz.linkedin.testcases.JoinNowPageTest -->
