<?xml version="1.0" encoding="UTF-8"?>
<!-- Generated by org.testng.reporters.JUnitReportReporter -->
<testsuite hostname="admin1-H110M-H" failures="0" tests="11" name="com.bridgelabz.linkedin.testcases.SignInPageTest" time="76.611" errors="0" timestamp="27 Jan 2020 11:02:19 GMT" skipped="0">
  <testcase classname="com.bridgelabz.linkedin.testcases.SignInPageTest" name="SignInTest" time="7.769"/>
  <testcase classname="com.bridgelabz.linkedin.testcases.SignInPageTest" name="SignInTest" time="7.839"/>
  <testcase classname="com.bridgelabz.linkedin.testcases.SignInPageTest" name="validateForgetPasswordLinkTest" time="9.900"/>
  <testcase classname="com.bridgelabz.linkedin.testcases.SignInPageTest" name="SignInTest" time="11.655"/>
  <testcase classname="com.bridgelabz.linkedin.testcases.SignInPageTest" name="SignInTest" time="7.933"/>
  <testcase classname="com.bridgelabz.linkedin.testcases.SignInPageTest" name="SignInTest" time="8.482"/>
  <testcase classname="com.bridgelabz.linkedin.testcases.SignInPageTest" name="validateShowPasswordTest" time="3.936"/>
  <testcase classname="com.bridgelabz.linkedin.testcases.SignInPageTest" name="validateJoinNowLinkTest" time="3.719"/>
  <testcase classname="com.bridgelabz.linkedin.testcases.SignInPageTest" name="verifySignInPageTitleTest" time="3.435"/>
  <testcase classname="com.bridgelabz.linkedin.testcases.SignInPageTest" name="SignInTest" time="7.932"/>
  <testcase classname="com.bridgelabz.linkedin.testcases.SignInPageTest" name="validateHidePasswordTest" time="4.011"/>
</testsuite> <!-- com.bridgelabz.linkedin.testcases.SignInPageTest -->
