<?xml version="1.0" encoding="UTF-8"?>
<!-- Generated by org.testng.reporters.JUnitReportReporter -->
<testsuite hostname="admin1-H110M-H" failures="0" tests="4" name="com.bridgelabz.linkedin.testcases.JoinNowPageTest" time="18.079" errors="0" timestamp="27 Jan 2020 09:28:55 GMT" skipped="0">
  <testcase classname="com.bridgelabz.linkedin.testcases.JoinNowPageTest" name="validateSignInPageLinkTest" time="3.360"/>
  <testcase classname="com.bridgelabz.linkedin.testcases.JoinNowPageTest" name="verifyRegisterPageTitleTest" time="2.456"/>
  <testcase classname="com.bridgelabz.linkedin.testcases.JoinNowPageTest" name="registrationPageTest" time="7.394"/>
  <testcase classname="com.bridgelabz.linkedin.testcases.JoinNowPageTest" name="validateChangeLanguageLinkTest" time="4.869"/>
</testsuite> <!-- com.bridgelabz.linkedin.testcases.JoinNowPageTest -->
