<?xml version="1.0" encoding="UTF-8"?>
<!-- Generated by org.testng.reporters.JUnitReportReporter -->
<testsuite hostname="admin1-H110M-H" failures="0" tests="5" name="com.bridgelabz.linkedin.testcases.HomePageTest" time="127.774" errors="0" timestamp="27 Jan 2020 09:04:05 GMT" skipped="0">
  <testcase classname="com.bridgelabz.linkedin.testcases.HomePageTest" name="createTextPostTest" time="27.726"/>
  <testcase classname="com.bridgelabz.linkedin.testcases.HomePageTest" name="uploadImagePostTest" time="29.348"/>
  <testcase classname="com.bridgelabz.linkedin.testcases.HomePageTest" name="createTextPostTest" time="22.189"/>
  <testcase classname="com.bridgelabz.linkedin.testcases.HomePageTest" name="uploadImagePostTest" time="24.289"/>
  <testcase classname="com.bridgelabz.linkedin.testcases.HomePageTest" name="createTextPostTest" time="24.222"/>
</testsuite> <!-- com.bridgelabz.linkedin.testcases.HomePageTest -->
